<?xml version="1.0" encoding="UTF-8"?>
<!-- Generated by org.testng.reporters.JUnitReportReporter -->
<testsuite hostname="Shubhams-MacBook-Air.local" failures="0" tests="1" name="testCases.Test1" time="15.296" errors="0" timestamp="2025-10-19T16:07:59 IST" skipped="0">
  <testcase classname="testCases.Test1" name="testHome" time="15.296"/>
</testsuite> <!-- testCases.Test1 -->
