<?xml version="1.0" encoding="UTF-8"?>
<!-- Generated by org.testng.reporters.JUnitReportReporter -->
<testsuite hostname="Shubhams-MacBook-Air.local" failures="0" tests="1" name="com.testCases.Tc_LoginTest_001" time="16.694" errors="0" timestamp="2025-10-29T17:53:22 IST" skipped="0">
  <testcase classname="com.testCases.Tc_LoginTest_001" name="loginTest" time="16.694"/>
</testsuite> <!-- com.testCases.Tc_LoginTest_001 -->
