<?xml version="1.0" encoding="UTF-8"?>
<!-- Generated by org.testng.reporters.JUnitReportReporter -->
<testsuite hostname="Shubhams-MacBook-Air.local" failures="0" tests="1" name="com.testCases.Tc_AddCustomerTest_002" time="22.016" errors="0" timestamp="2025-10-31T12:51:11 IST" skipped="0">
  <testcase classname="com.testCases.Tc_AddCustomerTest_002" name="addNewCustomer" time="22.016"/>
</testsuite> <!-- com.testCases.Tc_AddCustomerTest_002 -->
